<?xml version="1.0" encoding="UTF-8"?>
<!-- Generated by org.testng.reporters.JUnitReportReporter -->
<testsuite hostname="superuser" failures="0" tests="3" name="UdemySeleniumJava.AppiumTest" time="0.031" errors="0" timestamp="2020-10-08T23:51:31 IST" skipped="0">
  <testcase classname="UdemySeleniumJava.AppiumTest" name="Demo1" time="0.026"/>
  <system-out/>
  <testcase classname="UdemySeleniumJava.AppiumTest" name="Demo3" time="0.002"/>
  <system-out/>
  <testcase classname="UdemySeleniumJava.AppiumTest" name="Demo2" time="0.003"/>
  <system-out/>
</testsuite> <!-- UdemySeleniumJava.AppiumTest -->
