<?xml version="1.0" encoding="UTF-8"?>
<!-- Generated by org.testng.reporters.JUnitReportReporter -->
<testsuite hostname="superuser" failures="0" tests="3" name="UdemySeleniumJava.RestAPITest" time="0.007" errors="0" timestamp="2020-10-08T23:51:31 IST" skipped="0">
  <testcase classname="UdemySeleniumJava.RestAPITest" name="Demo5" time="0.002"/>
  <system-out/>
  <testcase classname="UdemySeleniumJava.RestAPITest" name="Demo4" time="0.003"/>
  <system-out/>
  <testcase classname="UdemySeleniumJava.RestAPITest" name="Demo6" time="0.002"/>
  <system-out/>
</testsuite> <!-- UdemySeleniumJava.RestAPITest -->
