<?xml version="1.0" encoding="UTF-8"?>
<!-- Generated by org.testng.reporters.JUnitReportReporter -->
<testsuite hostname="superuser" failures="0" tests="3" name="UdemySeleniumJava.SeleniumTest" time="0.009" errors="0" timestamp="2020-09-09T18:03:41 IST" skipped="0">
  <testcase classname="UdemySeleniumJava.SeleniumTest" name="Demo8" time="0.003"/>
  <system-out/>
  <testcase classname="UdemySeleniumJava.SeleniumTest" name="Demo7" time="0.003"/>
  <system-out/>
  <testcase classname="UdemySeleniumJava.SeleniumTest" name="Demo9" time="0.003"/>
  <system-out/>
</testsuite> <!-- UdemySeleniumJava.SeleniumTest -->
